<?xml version="1.0" encoding="UTF-8"?>
<!-- Generated by org.testng.reporters.JUnitReportReporter -->
<testsuite skipped="0" hostname="FamilyPC" name="test.test.AppTest" tests="6" failures="0" timestamp="13 авг 2018 17:39:35 GMT" time="7.452" errors="0">
  <testcase name="openUrl" time="2.886" classname="test.test.AppTest"/>
  <testcase name="enterTextToSearchField" time="1.522" classname="test.test.AppTest"/>
  <testcase name="clickSearchResult" time="1.320" classname="test.test.AppTest"/>
  <testcase name="checkViewsCounter" time="1.053" classname="test.test.AppTest"/>
  <testcase name="checkThatWeOnYoutubePage" time="0.096" classname="test.test.AppTest"/>
  <testcase name="closeDriver" time="0.575" classname="test.test.AppTest"/>
</testsuite> <!-- test.test.AppTest -->
