<?xml version="1.0" encoding="UTF-8"?>
<!-- Generated by org.testng.reporters.JUnitReportReporter -->
<testsuite skipped="0" hostname="FamilyPC" name="Learn.GoogleTest" tests="1" failures="0" timestamp="23 авг 2018 17:12:13 GMT" time="7.440" errors="0">
  <testcase name="userCanSearch" time="7.440" classname="Learn.GoogleTest"/>
</testsuite> <!-- Learn.GoogleTest -->
