<?xml version="1.0" encoding="UTF-8"?>
<!-- Generated by org.testng.reporters.JUnitReportReporter -->
<testsuite skipped="0" hostname="FamilyPC" name="Selenide.selenide.GoogleTest" tests="1" failures="0" timestamp="23 авг 2018 15:18:10 GMT" time="6.505" errors="0">
  <testcase name="userCanSearch" time="6.505" classname="Selenide.selenide.GoogleTest"/>
</testsuite> <!-- Selenide.selenide.GoogleTest -->
