<?xml version="1.0" encoding="UTF-8"?>
<!-- Generated by org.testng.reporters.JUnitReportReporter -->
<testsuite skipped="0" hostname="FamilyPC" name="Finger.Training.Test.MailTest" tests="1" failures="0" timestamp="12 сен 2018 19:09:38 GMT" time="4.422" errors="0">
  <testcase name="checkLogin" time="4.422" classname="Finger.Training.Test.MailTest"/>
</testsuite> <!-- Finger.Training.Test.MailTest -->
